::1 - - [05/Jul/2022:20:52:27 +0700] "GET / HTTP/1.1" 200 2445
::1 - - [05/Jul/2022:20:52:32 +0700] "GET /favicon.ico HTTP/1.1" 200 -
::1 - - [06/Jul/2022:20:32:24 +0700] "GET /login HTTP/1.1" 500 624118
::1 - - [06/Jul/2022:20:32:29 +0700] "GET /favicon.ico HTTP/1.1" 200 -
::1 - - [06/Jul/2022:20:32:29 +0700] "GET /_ignition/health-check HTTP/1.1" 200 29
::1 - - [06/Jul/2022:20:32:31 +0700] "GET /login HTTP/1.1" 500 625073
::1 - - [06/Jul/2022:20:32:32 +0700] "GET /favicon.ico HTTP/1.1" 200 -
::1 - - [06/Jul/2022:20:32:32 +0700] "GET /_ignition/health-check HTTP/1.1" 200 29
::1 - - [06/Jul/2022:20:33:43 +0700] "GET /login HTTP/1.1" 500 623072
::1 - - [06/Jul/2022:20:33:43 +0700] "GET /favicon.ico HTTP/1.1" 200 -
::1 - - [06/Jul/2022:20:36:23 +0700] "GET /login HTTP/1.1" 500 622801
::1 - - [06/Jul/2022:20:36:23 +0700] "GET /favicon.ico HTTP/1.1" 200 -
::1 - - [06/Jul/2022:20:36:40 +0700] "GET /login HTTP/1.1" 200 5612
::1 - - [06/Jul/2022:20:36:40 +0700] "GET /js/scripts.js HTTP/1.1" 404 1552
::1 - - [06/Jul/2022:20:36:40 +0700] "GET /css/styles.css HTTP/1.1" 404 1552
::1 - - [06/Jul/2022:20:36:41 +0700] "GET /favicon.ico HTTP/1.1" 200 -
::1 - - [06/Jul/2022:20:40:58 +0700] "GET /login HTTP/1.1" 200 5612
::1 - - [06/Jul/2022:20:40:58 +0700] "GET /css/styles.css HTTP/1.1" 200 197892
::1 - - [06/Jul/2022:20:40:58 +0700] "GET /js/scripts.js HTTP/1.1" 200 553
::1 - - [06/Jul/2022:20:40:59 +0700] "GET /favicon.ico HTTP/1.1" 200 -
::1 - - [07/Jul/2022:12:38:25 +0700] "GET /login HTTP/1.1" 200 5612
::1 - - [07/Jul/2022:12:38:32 +0700] "GET /css/styles.css HTTP/1.1" 200 197892
::1 - - [07/Jul/2022:12:38:32 +0700] "GET /js/scripts.js HTTP/1.1" 200 553
::1 - - [07/Jul/2022:12:38:33 +0700] "GET /favicon.ico HTTP/1.1" 200 -
::1 - - [07/Jul/2022:18:35:30 +0700] "GET /login HTTP/1.1" 200 1585
::1 - - [07/Jul/2022:18:35:31 +0700] "GET /css/styles.css HTTP/1.1" 304 -
::1 - - [07/Jul/2022:18:35:31 +0700] "GET /js/scripts.js HTTP/1.1" 304 -
::1 - - [07/Jul/2022:18:36:16 +0700] "GET /login HTTP/1.1" 200 5716
::1 - - [07/Jul/2022:18:36:16 +0700] "GET /css/styles.css HTTP/1.1" 200 197892
::1 - - [07/Jul/2022:18:36:16 +0700] "GET /js/scripts.js HTTP/1.1" 200 553
::1 - - [07/Jul/2022:18:36:17 +0700] "GET /favicon.ico HTTP/1.1" 200 -
::1 - - [07/Jul/2022:18:45:00 +0700] "GET /login HTTP/1.1" 200 5842
::1 - - [07/Jul/2022:18:45:00 +0700] "GET /css/styles.css HTTP/1.1" 200 197892
::1 - - [07/Jul/2022:18:45:00 +0700] "GET /js/scripts.js HTTP/1.1" 200 553
::1 - - [07/Jul/2022:18:45:01 +0700] "GET /favicon.ico HTTP/1.1" 200 -
::1 - - [07/Jul/2022:18:46:27 +0700] "GET /login HTTP/1.1" 200 5849
::1 - - [07/Jul/2022:18:46:27 +0700] "GET /css/styles.css HTTP/1.1" 200 197892
::1 - - [07/Jul/2022:18:46:27 +0700] "GET /js/scripts.js HTTP/1.1" 200 553
::1 - - [07/Jul/2022:18:46:28 +0700] "GET /image/bg_login.jpg HTTP/1.1" 200 65300
::1 - - [07/Jul/2022:18:46:28 +0700] "GET /favicon.ico HTTP/1.1" 200 -
::1 - - [07/Jul/2022:18:47:40 +0700] "GET /login HTTP/1.1" 200 6039
::1 - - [07/Jul/2022:18:47:40 +0700] "GET /css/styles.css HTTP/1.1" 200 197892
::1 - - [07/Jul/2022:18:47:40 +0700] "GET /js/scripts.js HTTP/1.1" 200 553
::1 - - [07/Jul/2022:18:47:42 +0700] "GET /favicon.ico HTTP/1.1" 200 -
::1 - - [07/Jul/2022:18:48:03 +0700] "GET /login HTTP/1.1" 200 5879
::1 - - [07/Jul/2022:18:48:03 +0700] "GET /css/styles.css HTTP/1.1" 200 197892
::1 - - [07/Jul/2022:18:48:03 +0700] "GET /js/scripts.js HTTP/1.1" 200 553
::1 - - [07/Jul/2022:18:48:03 +0700] "GET /favicon.ico HTTP/1.1" 200 -
::1 - - [07/Jul/2022:18:48:17 +0700] "GET /login HTTP/1.1" 200 5849
::1 - - [07/Jul/2022:18:48:18 +0700] "GET /css/styles.css HTTP/1.1" 200 197892
::1 - - [07/Jul/2022:18:48:18 +0700] "GET /js/scripts.js HTTP/1.1" 200 553
::1 - - [07/Jul/2022:18:48:20 +0700] "GET /image/bg_login.jpg HTTP/1.1" 200 65300
::1 - - [07/Jul/2022:18:48:20 +0700] "GET /favicon.ico HTTP/1.1" 200 -
::1 - - [07/Jul/2022:18:49:07 +0700] "GET /login HTTP/1.1" 200 6019
::1 - - [07/Jul/2022:18:49:07 +0700] "GET /css/styles.css HTTP/1.1" 200 197892
::1 - - [07/Jul/2022:18:49:07 +0700] "GET /js/scripts.js HTTP/1.1" 200 553
::1 - - [07/Jul/2022:18:49:07 +0700] "GET /image/bg_login.jpg HTTP/1.1" 200 65300
::1 - - [07/Jul/2022:18:49:07 +0700] "GET /favicon.ico HTTP/1.1" 200 -
::1 - - [07/Jul/2022:18:50:48 +0700] "GET /login HTTP/1.1" 200 6019
::1 - - [07/Jul/2022:18:50:49 +0700] "GET /css/styles.css HTTP/1.1" 200 197892
::1 - - [07/Jul/2022:18:50:49 +0700] "GET /js/scripts.js HTTP/1.1" 200 553
::1 - - [07/Jul/2022:18:50:52 +0700] "GET /image/bg_login.jpg HTTP/1.1" 200 61163
::1 - - [07/Jul/2022:18:50:52 +0700] "GET /favicon.ico HTTP/1.1" 200 -
::1 - - [07/Jul/2022:18:53:55 +0700] "GET /login HTTP/1.1" 200 6019
::1 - - [07/Jul/2022:18:53:55 +0700] "GET /css/styles.css HTTP/1.1" 200 197892
::1 - - [07/Jul/2022:18:53:55 +0700] "GET /js/scripts.js HTTP/1.1" 200 553
::1 - - [07/Jul/2022:18:53:55 +0700] "GET /image/bg_login.jpg HTTP/1.1" 200 61163
::1 - - [07/Jul/2022:18:53:56 +0700] "GET /favicon.ico HTTP/1.1" 200 4067
::1 - - [07/Jul/2022:18:59:11 +0700] "GET /login HTTP/1.1" 200 6054
::1 - - [07/Jul/2022:18:59:12 +0700] "GET /css/styles.css HTTP/1.1" 200 197892
::1 - - [07/Jul/2022:18:59:12 +0700] "GET /js/scripts.js HTTP/1.1" 200 553
::1 - - [07/Jul/2022:18:59:12 +0700] "GET /image/bg_login.jpg HTTP/1.1" 200 61163
::1 - - [07/Jul/2022:18:59:13 +0700] "GET /favicon.ico HTTP/1.1" 200 4067
::1 - - [07/Jul/2022:18:59:26 +0700] "GET /login HTTP/1.1" 200 6066
::1 - - [07/Jul/2022:18:59:26 +0700] "GET /css/styles.css HTTP/1.1" 200 197892
::1 - - [07/Jul/2022:18:59:26 +0700] "GET /js/scripts.js HTTP/1.1" 200 553
::1 - - [07/Jul/2022:18:59:26 +0700] "GET /image/bg_login.jpg HTTP/1.1" 200 61163
::1 - - [07/Jul/2022:18:59:26 +0700] "GET /favicon.ico HTTP/1.1" 200 4067
::1 - - [07/Jul/2022:19:00:34 +0700] "GET /login HTTP/1.1" 200 6165
::1 - - [07/Jul/2022:19:00:35 +0700] "GET /css/styles.css HTTP/1.1" 200 197892
::1 - - [07/Jul/2022:19:00:35 +0700] "GET /js/scripts.js HTTP/1.1" 200 553
::1 - - [07/Jul/2022:19:00:35 +0700] "GET /image/bg_login.jpg HTTP/1.1" 200 61163
::1 - - [07/Jul/2022:19:00:35 +0700] "GET /favicon.ico HTTP/1.1" 200 4067
::1 - - [07/Jul/2022:19:02:45 +0700] "GET /login HTTP/1.1" 200 6204
::1 - - [07/Jul/2022:19:02:45 +0700] "GET /css/styles.css HTTP/1.1" 200 197892
::1 - - [07/Jul/2022:19:02:45 +0700] "GET /js/scripts.js HTTP/1.1" 200 553
::1 - - [07/Jul/2022:19:02:45 +0700] "GET /image/bg_login.jpg HTTP/1.1" 200 61163
::1 - - [07/Jul/2022:19:02:46 +0700] "GET /favicon.ico HTTP/1.1" 200 4067
::1 - - [07/Jul/2022:19:02:56 +0700] "GET /login HTTP/1.1" 200 6205
::1 - - [07/Jul/2022:19:02:56 +0700] "GET /css/styles.css HTTP/1.1" 200 197892
::1 - - [07/Jul/2022:19:02:56 +0700] "GET /js/scripts.js HTTP/1.1" 200 553
::1 - - [07/Jul/2022:19:02:56 +0700] "GET /image/bg_login.jpg HTTP/1.1" 200 61163
::1 - - [07/Jul/2022:19:02:57 +0700] "GET /favicon.ico HTTP/1.1" 200 4067
::1 - - [07/Jul/2022:19:03:30 +0700] "GET /login HTTP/1.1" 200 6243
::1 - - [07/Jul/2022:19:03:30 +0700] "GET /css/styles.css HTTP/1.1" 200 197892
::1 - - [07/Jul/2022:19:03:30 +0700] "GET /js/scripts.js HTTP/1.1" 200 553
::1 - - [07/Jul/2022:19:03:31 +0700] "GET /image/bg_login.jpg HTTP/1.1" 200 61163
::1 - - [07/Jul/2022:19:03:31 +0700] "GET /favicon.ico HTTP/1.1" 200 4067
::1 - - [07/Jul/2022:19:04:19 +0700] "GET /login HTTP/1.1" 200 6251
::1 - - [07/Jul/2022:19:04:19 +0700] "GET /css/styles.css HTTP/1.1" 200 197892
::1 - - [07/Jul/2022:19:04:19 +0700] "GET /js/scripts.js HTTP/1.1" 200 553
::1 - - [07/Jul/2022:19:04:19 +0700] "GET /image/bg_login.jpg HTTP/1.1" 200 61163
::1 - - [07/Jul/2022:19:04:19 +0700] "GET /favicon.ico HTTP/1.1" 200 4067
::1 - - [07/Jul/2022:19:07:07 +0700] "GET /login HTTP/1.1" 200 6391
::1 - - [07/Jul/2022:19:07:07 +0700] "GET /css/styles.css HTTP/1.1" 200 197892
::1 - - [07/Jul/2022:19:07:07 +0700] "GET /js/scripts.js HTTP/1.1" 200 553
::1 - - [07/Jul/2022:19:07:07 +0700] "GET /image/bg_login.jpg HTTP/1.1" 200 61163
::1 - - [07/Jul/2022:19:07:07 +0700] "GET /image/logo_soict.png HTTP/1.1" 200 4179
::1 - - [07/Jul/2022:19:07:08 +0700] "GET /favicon.ico HTTP/1.1" 200 4067
::1 - - [07/Jul/2022:19:07:39 +0700] "GET /login HTTP/1.1" 200 6402
::1 - - [07/Jul/2022:19:07:39 +0700] "GET /css/styles.css HTTP/1.1" 200 197892
::1 - - [07/Jul/2022:19:07:39 +0700] "GET /js/scripts.js HTTP/1.1" 200 553
::1 - - [07/Jul/2022:19:07:39 +0700] "GET /image/logo_soict.png HTTP/1.1" 200 4179
::1 - - [07/Jul/2022:19:07:39 +0700] "GET /image/bg_login.jpg HTTP/1.1" 200 61163
::1 - - [07/Jul/2022:19:07:41 +0700] "GET /favicon.ico HTTP/1.1" 200 4067
::1 - - [07/Jul/2022:19:09:23 +0700] "GET /login HTTP/1.1" 200 6403
::1 - - [07/Jul/2022:19:09:23 +0700] "GET /css/styles.css HTTP/1.1" 200 197892
::1 - - [07/Jul/2022:19:09:23 +0700] "GET /js/scripts.js HTTP/1.1" 200 553
::1 - - [07/Jul/2022:19:09:23 +0700] "GET /image/logo_soict.png HTTP/1.1" 200 4179
::1 - - [07/Jul/2022:19:09:23 +0700] "GET /image/bg_login.jpg HTTP/1.1" 200 61163
::1 - - [07/Jul/2022:19:09:24 +0700] "GET /favicon.ico HTTP/1.1" 200 4067
::1 - - [07/Jul/2022:19:09:38 +0700] "GET /login HTTP/1.1" 200 6403
::1 - - [07/Jul/2022:19:09:39 +0700] "GET /css/styles.css HTTP/1.1" 200 197892
::1 - - [07/Jul/2022:19:09:40 +0700] "GET /image/logo_soict.png HTTP/1.1" 200 4179
::1 - - [07/Jul/2022:19:09:40 +0700] "GET /js/scripts.js HTTP/1.1" 200 553
::1 - - [07/Jul/2022:19:09:40 +0700] "GET /image/bg_login.jpg HTTP/1.1" 200 61163
::1 - - [07/Jul/2022:19:09:41 +0700] "GET /favicon.ico HTTP/1.1" 200 4067
::1 - - [07/Jul/2022:19:10:21 +0700] "GET /login HTTP/1.1" 200 6415
::1 - - [07/Jul/2022:19:10:22 +0700] "GET /css/styles.css HTTP/1.1" 200 197892
::1 - - [07/Jul/2022:19:10:22 +0700] "GET /js/scripts.js HTTP/1.1" 200 553
::1 - - [07/Jul/2022:19:10:22 +0700] "GET /image/logo_soict.png HTTP/1.1" 200 4179
::1 - - [07/Jul/2022:19:10:22 +0700] "GET /image/bg_login.jpg HTTP/1.1" 200 61163
::1 - - [07/Jul/2022:19:10:22 +0700] "GET /favicon.ico HTTP/1.1" 200 4067
::1 - - [07/Jul/2022:19:10:24 +0700] "GET /login HTTP/1.1" 200 6415
::1 - - [07/Jul/2022:19:10:25 +0700] "GET /css/styles.css HTTP/1.1" 200 197892
::1 - - [07/Jul/2022:19:10:25 +0700] "GET /login HTTP/1.1" 200 6415
::1 - - [07/Jul/2022:19:10:25 +0700] "GET /image/logo_soict.png HTTP/1.1" 200 4179
::1 - - [07/Jul/2022:19:10:25 +0700] "GET /js/scripts.js HTTP/1.1" 200 553
::1 - - [07/Jul/2022:19:10:25 +0700] "GET /image/bg_login.jpg HTTP/1.1" 200 61163
::1 - - [07/Jul/2022:19:10:25 +0700] "GET /favicon.ico HTTP/1.1" 200 4067
::1 - - [07/Jul/2022:19:10:25 +0700] "GET /login HTTP/1.1" 200 6415
::1 - - [07/Jul/2022:19:10:25 +0700] "GET /login HTTP/1.1" 200 6415
::1 - - [07/Jul/2022:19:10:25 +0700] "GET /css/styles.css HTTP/1.1" 200 197892
::1 - - [07/Jul/2022:19:10:25 +0700] "GET /js/scripts.js HTTP/1.1" 200 553
::1 - - [07/Jul/2022:19:10:25 +0700] "GET /image/logo_soict.png HTTP/1.1" 200 4179
::1 - - [07/Jul/2022:19:10:25 +0700] "GET /image/bg_login.jpg HTTP/1.1" 200 61163
::1 - - [07/Jul/2022:19:10:25 +0700] "GET /login HTTP/1.1" 200 6415
::1 - - [07/Jul/2022:19:10:25 +0700] "GET /css/styles.css HTTP/1.1" 200 197892
::1 - - [07/Jul/2022:19:10:26 +0700] "GET /js/scripts.js HTTP/1.1" 200 553
::1 - - [07/Jul/2022:19:10:26 +0700] "GET /image/logo_soict.png HTTP/1.1" 200 4179
::1 - - [07/Jul/2022:19:10:26 +0700] "GET /image/bg_login.jpg HTTP/1.1" 200 61163
::1 - - [07/Jul/2022:19:10:27 +0700] "GET /favicon.ico HTTP/1.1" 200 4067
::1 - - [07/Jul/2022:19:12:27 +0700] "GET /login HTTP/1.1" 200 6415
::1 - - [07/Jul/2022:19:12:28 +0700] "GET /css/styles.css HTTP/1.1" 200 197892
::1 - - [07/Jul/2022:19:12:28 +0700] "GET /js/scripts.js HTTP/1.1" 200 553
::1 - - [07/Jul/2022:19:12:28 +0700] "GET /image/logo_soict.png HTTP/1.1" 200 4179
::1 - - [07/Jul/2022:19:12:28 +0700] "GET /image/bg_login.jpg HTTP/1.1" 200 1575790
::1 - - [07/Jul/2022:19:12:29 +0700] "GET /favicon.ico HTTP/1.1" 200 4067
::1 - - [07/Jul/2022:19:12:58 +0700] "GET /login HTTP/1.1" 200 6415
::1 - - [07/Jul/2022:19:12:58 +0700] "GET /css/styles.css HTTP/1.1" 200 197892
::1 - - [07/Jul/2022:19:12:59 +0700] "GET /js/scripts.js HTTP/1.1" 200 553
::1 - - [07/Jul/2022:19:12:59 +0700] "GET /image/logo_soict.png HTTP/1.1" 200 4179
::1 - - [07/Jul/2022:19:12:59 +0700] "GET /image/bg_login.jpg HTTP/1.1" 200 65300
::1 - - [07/Jul/2022:19:12:59 +0700] "GET /favicon.ico HTTP/1.1" 200 4067
::1 - - [07/Jul/2022:19:13:16 +0700] "GET /login HTTP/1.1" 200 6415
::1 - - [07/Jul/2022:19:13:17 +0700] "GET /css/styles.css HTTP/1.1" 200 197892
::1 - - [07/Jul/2022:19:13:17 +0700] "GET /js/scripts.js HTTP/1.1" 200 553
::1 - - [07/Jul/2022:19:13:17 +0700] "GET /image/logo_soict.png HTTP/1.1" 200 4179
::1 - - [07/Jul/2022:19:13:17 +0700] "GET /image/bg_login.jpg HTTP/1.1" 200 61163
::1 - - [07/Jul/2022:19:13:17 +0700] "GET /favicon.ico HTTP/1.1" 200 4067
::1 - - [07/Jul/2022:19:18:30 +0700] "GET /login HTTP/1.1" 200 6414
::1 - - [07/Jul/2022:19:18:30 +0700] "GET /css/styles.css HTTP/1.1" 200 197892
::1 - - [07/Jul/2022:19:18:30 +0700] "GET /js/scripts.js HTTP/1.1" 200 553
::1 - - [07/Jul/2022:19:18:30 +0700] "GET /image/logo_soict.png HTTP/1.1" 200 4179
::1 - - [07/Jul/2022:19:18:30 +0700] "GET /image/bg_login.jpg HTTP/1.1" 200 61163
::1 - - [07/Jul/2022:19:18:31 +0700] "GET /favicon.ico HTTP/1.1" 200 4067
::1 - - [07/Jul/2022:19:18:33 +0700] "GET /login HTTP/1.1" 200 6414
::1 - - [07/Jul/2022:19:18:33 +0700] "GET /css/styles.css HTTP/1.1" 200 197892
::1 - - [07/Jul/2022:19:18:33 +0700] "GET /js/scripts.js HTTP/1.1" 200 553
::1 - - [07/Jul/2022:19:18:33 +0700] "GET /image/logo_soict.png HTTP/1.1" 200 4179
::1 - - [07/Jul/2022:19:18:33 +0700] "GET /image/bg_login.jpg HTTP/1.1" 200 61163
::1 - - [07/Jul/2022:19:18:33 +0700] "GET /favicon.ico HTTP/1.1" 200 4067
